<?xml version="1.0" encoding="UTF-8"?>
<coverage generated="1777575946670" clover="3.2.0">
  <project timestamp="1777575946670" name="All files">
    <metrics statements="247" coveredstatements="234" conditionals="124" coveredconditionals="94" methods="40" coveredmethods="37" elements="411" coveredelements="365" complexity="0" loc="247" ncloc="247" packages="1" files="4" classes="4"/>
    <file name="chat.js" path="D:\Project\VoteWise\js\chat.js">
      <metrics statements="82" coveredstatements="77" conditionals="41" coveredconditionals="32" methods="12" coveredmethods="11"/>
      <line num="7" count="1" type="stmt"/>
      <line num="19" count="1" type="stmt"/>
      <line num="21" count="1" type="cond" truecount="1" falsecount="1"/>
      <line num="22" count="1" type="stmt"/>
      <line num="23" count="1" type="stmt"/>
      <line num="24" count="1" type="stmt"/>
      <line num="25" count="1" type="stmt"/>
      <line num="26" count="1" type="stmt"/>
      <line num="27" count="1" type="stmt"/>
      <line num="28" count="1" type="stmt"/>
      <line num="29" count="1" type="stmt"/>
      <line num="31" count="1" type="cond" truecount="3" falsecount="1"/>
      <line num="33" count="1" type="stmt"/>
      <line num="35" count="1" type="stmt"/>
      <line num="41" count="2" type="stmt"/>
      <line num="42" count="2" type="stmt"/>
      <line num="43" count="2" type="cond" truecount="2" falsecount="0"/>
      <line num="44" count="2" type="cond" truecount="2" falsecount="0"/>
      <line num="45" count="2" type="stmt"/>
      <line num="46" count="2" type="cond" truecount="2" falsecount="0"/>
      <line num="54" count="2" type="stmt"/>
      <line num="55" count="2" type="cond" truecount="1" falsecount="1"/>
      <line num="57" count="2" type="stmt"/>
      <line num="58" count="2" type="cond" truecount="1" falsecount="1"/>
      <line num="60" count="2" type="cond" truecount="2" falsecount="0"/>
      <line num="61" count="1" type="stmt"/>
      <line num="62" count="1" type="stmt"/>
      <line num="65" count="1" type="stmt"/>
      <line num="66" count="1" type="stmt"/>
      <line num="68" count="1" type="stmt"/>
      <line num="69" count="1" type="stmt"/>
      <line num="70" count="1" type="stmt"/>
      <line num="71" count="1" type="stmt"/>
      <line num="72" count="1" type="stmt"/>
      <line num="75" count="1" type="cond" truecount="1" falsecount="1"/>
      <line num="76" count="1" type="stmt"/>
      <line num="79" count="0" type="stmt"/>
      <line num="81" count="1" type="stmt"/>
      <line num="90" count="1" type="stmt"/>
      <line num="91" count="1" type="stmt"/>
      <line num="92" count="1" type="stmt"/>
      <line num="93" count="1" type="stmt"/>
      <line num="94" count="1" type="stmt"/>
      <line num="102" count="1" type="stmt"/>
      <line num="103" count="1" type="stmt"/>
      <line num="104" count="1" type="stmt"/>
      <line num="112" count="0" type="stmt"/>
      <line num="113" count="0" type="stmt"/>
      <line num="114" count="0" type="stmt"/>
      <line num="121" count="1" type="stmt"/>
      <line num="122" count="1" type="stmt"/>
      <line num="123" count="1" type="stmt"/>
      <line num="133" count="4" type="stmt"/>
      <line num="134" count="4" type="stmt"/>
      <line num="135" count="4" type="stmt"/>
      <line num="136" count="4" type="cond" truecount="2" falsecount="0"/>
      <line num="137" count="4" type="stmt"/>
      <line num="138" count="4" type="stmt"/>
      <line num="146" count="1" type="stmt"/>
      <line num="147" count="1" type="cond" truecount="1" falsecount="1"/>
      <line num="154" count="2" type="cond" truecount="1" falsecount="1"/>
      <line num="155" count="0" type="stmt"/>
      <line num="169" count="5" type="stmt"/>
      <line num="170" count="5" type="cond" truecount="4" falsecount="0"/>
      <line num="171" count="1" type="stmt"/>
      <line num="174" count="4" type="stmt"/>
      <line num="175" count="4" type="stmt"/>
      <line num="187" count="4" type="stmt"/>
      <line num="188" count="4" type="stmt"/>
      <line num="194" count="1" type="stmt"/>
      <line num="197" count="3" type="cond" truecount="2" falsecount="0"/>
      <line num="198" count="1" type="stmt"/>
      <line num="199" count="1" type="stmt"/>
      <line num="200" count="1" type="stmt"/>
      <line num="202" count="1" type="cond" truecount="1" falsecount="1"/>
      <line num="205" count="2" type="stmt"/>
      <line num="206" count="2" type="stmt"/>
      <line num="215" count="6" type="cond" truecount="2" falsecount="0"/>
      <line num="216" count="3" type="stmt"/>
      <line num="218" count="3" type="stmt"/>
      <line num="221" count="1" type="cond" truecount="3" falsecount="1"/>
      <line num="222" count="1" type="stmt"/>
    </file>
    <file name="eligibility.js" path="D:\Project\VoteWise\js\eligibility.js">
      <metrics statements="34" coveredstatements="34" conditionals="31" coveredconditionals="25" methods="4" coveredmethods="4"/>
      <line num="1" count="1" type="cond" truecount="1" falsecount="1"/>
      <line num="2" count="1" type="stmt"/>
      <line num="3" count="1" type="stmt"/>
      <line num="4" count="1" type="stmt"/>
      <line num="6" count="1" type="cond" truecount="1" falsecount="1"/>
      <line num="8" count="1" type="stmt"/>
      <line num="9" count="4" type="stmt"/>
      <line num="12" count="4" type="stmt"/>
      <line num="13" count="4" type="stmt"/>
      <line num="14" count="4" type="stmt"/>
      <line num="16" count="4" type="cond" truecount="4" falsecount="0"/>
      <line num="17" count="1" type="stmt"/>
      <line num="18" count="1" type="stmt"/>
      <line num="21" count="3" type="cond" truecount="4" falsecount="0"/>
      <line num="22" count="1" type="stmt"/>
      <line num="23" count="1" type="stmt"/>
      <line num="27" count="2" type="stmt"/>
      <line num="30" count="2" type="cond" truecount="2" falsecount="0"/>
      <line num="31" count="1" type="stmt"/>
      <line num="36" count="1" type="stmt"/>
      <line num="37" count="1" type="cond" truecount="1" falsecount="1"/>
      <line num="38" count="1" type="cond" truecount="1" falsecount="1"/>
      <line num="39" count="1" type="cond" truecount="1" falsecount="1"/>
      <line num="41" count="1" type="stmt"/>
      <line num="46" count="4" type="stmt"/>
      <line num="47" count="4" type="cond" truecount="2" falsecount="0"/>
      <line num="48" count="4" type="stmt"/>
      <line num="49" count="4" type="stmt"/>
      <line num="50" count="4" type="cond" truecount="2" falsecount="0"/>
      <line num="51" count="4" type="stmt"/>
      <line num="52" count="4" type="stmt"/>
      <line num="66" count="12" type="cond" truecount="3" falsecount="0"/>
      <line num="69" count="1" type="cond" truecount="3" falsecount="1"/>
      <line num="70" count="1" type="stmt"/>
    </file>
    <file name="quiz.js" path="D:\Project\VoteWise\js\quiz.js">
      <metrics statements="113" coveredstatements="112" conditionals="38" coveredconditionals="32" methods="20" coveredmethods="20"/>
      <line num="7" count="1" type="stmt"/>
      <line num="20" count="1" type="cond" truecount="1" falsecount="1"/>
      <line num="21" count="1" type="stmt"/>
      <line num="22" count="1" type="stmt"/>
      <line num="23" count="1" type="stmt"/>
      <line num="25" count="1" type="stmt"/>
      <line num="26" count="1" type="stmt"/>
      <line num="27" count="1" type="stmt"/>
      <line num="29" count="1" type="cond" truecount="3" falsecount="1"/>
      <line num="31" count="1" type="stmt"/>
      <line num="32" count="4" type="stmt"/>
      <line num="41" count="4" type="stmt"/>
      <line num="42" count="4" type="stmt"/>
      <line num="45" count="4" type="cond" truecount="1" falsecount="1"/>
      <line num="46" count="4" type="stmt"/>
      <line num="49" count="4" type="stmt"/>
      <line num="50" count="4" type="stmt"/>
      <line num="51" count="3" type="cond" truecount="3" falsecount="1"/>
      <line num="52" count="0" type="stmt"/>
      <line num="54" count="3" type="stmt"/>
      <line num="55" count="3" type="stmt"/>
      <line num="56" count="3" type="stmt"/>
      <line num="57" count="3" type="stmt"/>
      <line num="58" count="3" type="stmt"/>
      <line num="60" count="1" type="stmt"/>
      <line num="61" count="1" type="stmt"/>
      <line num="72" count="1" type="stmt"/>
      <line num="73" count="1" type="stmt"/>
      <line num="74" count="1" type="stmt"/>
      <line num="75" count="1" type="stmt"/>
      <line num="82" count="6" type="cond" truecount="2" falsecount="0"/>
      <line num="83" count="3" type="stmt"/>
      <line num="84" count="3" type="stmt"/>
      <line num="87" count="3" type="stmt"/>
      <line num="88" count="3" type="stmt"/>
      <line num="90" count="3" type="stmt"/>
      <line num="101" count="3" type="stmt"/>
      <line num="107" count="3" type="stmt"/>
      <line num="108" count="12" type="stmt"/>
      <line num="111" count="3" type="stmt"/>
      <line num="114" count="3" type="stmt"/>
      <line num="122" count="3" type="stmt"/>
      <line num="123" count="3" type="stmt"/>
      <line num="124" count="3" type="stmt"/>
      <line num="126" count="3" type="stmt"/>
      <line num="127" count="12" type="stmt"/>
      <line num="128" count="3" type="stmt"/>
      <line num="132" count="3" type="stmt"/>
      <line num="133" count="3" type="stmt"/>
      <line num="134" count="3" type="stmt"/>
      <line num="147" count="12" type="stmt"/>
      <line num="148" count="3" type="stmt"/>
      <line num="150" count="3" type="stmt"/>
      <line num="151" count="3" type="cond" truecount="2" falsecount="0"/>
      <line num="152" count="2" type="stmt"/>
      <line num="153" count="2" type="stmt"/>
      <line num="154" count="2" type="stmt"/>
      <line num="156" count="1" type="stmt"/>
      <line num="157" count="1" type="stmt"/>
      <line num="158" count="1" type="stmt"/>
      <line num="159" count="1" type="stmt"/>
      <line num="162" count="3" type="cond" truecount="2" falsecount="0"/>
      <line num="163" count="3" type="stmt"/>
      <line num="164" count="3" type="stmt"/>
      <line num="172" count="3" type="cond" truecount="1" falsecount="1"/>
      <line num="173" count="3" type="stmt"/>
      <line num="176" count="3" type="stmt"/>
      <line num="187" count="3" type="stmt"/>
      <line num="188" count="1" type="stmt"/>
      <line num="189" count="1" type="stmt"/>
      <line num="190" count="1" type="stmt"/>
      <line num="191" count="1" type="stmt"/>
      <line num="194" count="3" type="stmt"/>
      <line num="201" count="3" type="stmt"/>
      <line num="202" count="3" type="stmt"/>
      <line num="204" count="3" type="cond" truecount="2" falsecount="0"/>
      <line num="205" count="1" type="stmt"/>
      <line num="206" count="1" type="stmt"/>
      <line num="209" count="2" type="stmt"/>
      <line num="211" count="2" type="stmt"/>
      <line num="218" count="1" type="stmt"/>
      <line num="223" count="1" type="stmt"/>
      <line num="224" count="1" type="stmt"/>
      <line num="225" count="1" type="stmt"/>
      <line num="226" count="1" type="stmt"/>
      <line num="227" count="1" type="stmt"/>
      <line num="228" count="1" type="stmt"/>
      <line num="229" count="1" type="stmt"/>
      <line num="232" count="1" type="stmt"/>
      <line num="233" count="1" type="stmt"/>
      <line num="245" count="8" type="stmt"/>
      <line num="246" count="8" type="cond" truecount="4" falsecount="0"/>
      <line num="248" count="7" type="stmt"/>
      <line num="249" count="7" type="stmt"/>
      <line num="255" count="7" type="stmt"/>
      <line num="256" count="7" type="stmt"/>
      <line num="262" count="2" type="stmt"/>
      <line num="265" count="5" type="cond" truecount="2" falsecount="0"/>
      <line num="267" count="4" type="stmt"/>
      <line num="268" count="4" type="stmt"/>
      <line num="278" count="8" type="cond" truecount="2" falsecount="0"/>
      <line num="279" count="1" type="stmt"/>
      <line num="281" count="7" type="stmt"/>
      <line num="282" count="7" type="stmt"/>
      <line num="285" count="7" type="stmt"/>
      <line num="286" count="7" type="stmt"/>
      <line num="288" count="1" type="stmt"/>
      <line num="291" count="6" type="cond" truecount="4" falsecount="0"/>
      <line num="292" count="1" type="stmt"/>
      <line num="294" count="5" type="stmt"/>
      <line num="304" count="8" type="stmt"/>
      <line num="307" count="1" type="cond" truecount="3" falsecount="1"/>
      <line num="308" count="1" type="stmt"/>
    </file>
    <file name="translate.js" path="D:\Project\VoteWise\js\translate.js">
      <metrics statements="18" coveredstatements="11" conditionals="14" coveredconditionals="5" methods="4" coveredmethods="2"/>
      <line num="10" count="1" type="stmt"/>
      <line num="26" count="1" type="stmt"/>
      <line num="33" count="1" type="cond" truecount="1" falsecount="1"/>
      <line num="34" count="1" type="stmt"/>
      <line num="35" count="0" type="stmt"/>
      <line num="36" count="0" type="cond" truecount="0" falsecount="2"/>
      <line num="37" count="0" type="stmt"/>
      <line num="38" count="0" type="stmt"/>
      <line num="39" count="0" type="stmt"/>
      <line num="40" count="0" type="cond" truecount="0" falsecount="4"/>
      <line num="41" count="0" type="stmt"/>
      <line num="56" count="2" type="cond" truecount="1" falsecount="1"/>
      <line num="57" count="2" type="stmt"/>
      <line num="58" count="2" type="stmt"/>
      <line num="59" count="2" type="stmt"/>
      <line num="64" count="1" type="stmt"/>
      <line num="66" count="1" type="cond" truecount="3" falsecount="1"/>
      <line num="67" count="1" type="stmt"/>
    </file>
  </project>
</coverage>
