{"D:\\Project\\VoteWise\\js\\chat.js": {"path":"D:\\Project\\VoteWise\\js\\chat.js","statementMap":{"0":{"start":{"line":7,"column":23},"end":{"line":17,"column":1}},"1":{"start":{"line":19,"column":26},"end":{"line":19,"column":28}},"2":{"start":{"line":21,"column":0},"end":{"line":159,"column":1}},"3":{"start":{"line":22,"column":4},"end":{"line":158,"column":7}},"4":{"start":{"line":23,"column":24},"end":{"line":23,"column":29}},"5":{"start":{"line":24,"column":27},"end":{"line":24,"column":65}},"6":{"start":{"line":25,"column":27},"end":{"line":25,"column":65}},"7":{"start":{"line":26,"column":25},"end":{"line":26,"column":61}},"8":{"start":{"line":27,"column":25},"end":{"line":27,"column":61}},"9":{"start":{"line":28,"column":26},"end":{"line":28,"column":63}},"10":{"start":{"line":29,"column":29},"end":{"line":29,"column":69}},"11":{"start":{"line":31,"column":8},"end":{"line":31,"column":47}},"12":{"start":{"line":31,"column":40},"end":{"line":31,"column":47}},"13":{"start":{"line":33,"column":8},"end":{"line":33,"column":63}},"14":{"start":{"line":35,"column":8},"end":{"line":35,"column":62}},"15":{"start":{"line":41,"column":29},"end":{"line":41,"column":44}},"16":{"start":{"line":42,"column":12},"end":{"line":42,"column":40}},"17":{"start":{"line":43,"column":12},"end":{"line":43,"column":58}},"18":{"start":{"line":44,"column":12},"end":{"line":44,"column":109}},"19":{"start":{"line":45,"column":12},"end":{"line":45,"column":71}},"20":{"start":{"line":46,"column":12},"end":{"line":46,"column":44}},"21":{"start":{"line":46,"column":26},"end":{"line":46,"column":44}},"22":{"start":{"line":54,"column":12},"end":{"line":54,"column":31}},"23":{"start":{"line":55,"column":12},"end":{"line":55,"column":34}},"24":{"start":{"line":55,"column":27},"end":{"line":55,"column":34}},"25":{"start":{"line":57,"column":28},"end":{"line":57,"column":50}},"26":{"start":{"line":58,"column":12},"end":{"line":58,"column":33}},"27":{"start":{"line":58,"column":26},"end":{"line":58,"column":33}},"28":{"start":{"line":60,"column":12},"end":{"line":63,"column":13}},"29":{"start":{"line":61,"column":16},"end":{"line":61,"column":88}},"30":{"start":{"line":62,"column":16},"end":{"line":62,"column":23}},"31":{"start":{"line":65,"column":12},"end":{"line":65,"column":29}},"32":{"start":{"line":66,"column":12},"end":{"line":66,"column":40}},"33":{"start":{"line":68,"column":12},"end":{"line":82,"column":13}},"34":{"start":{"line":69,"column":16},"end":{"line":69,"column":65}},"35":{"start":{"line":70,"column":30},"end":{"line":70,"column":59}},"36":{"start":{"line":71,"column":16},"end":{"line":71,"column":45}},"37":{"start":{"line":72,"column":16},"end":{"line":72,"column":44}},"38":{"start":{"line":75,"column":16},"end":{"line":77,"column":17}},"39":{"start":{"line":76,"column":20},"end":{"line":76,"column":89}},"40":{"start":{"line":79,"column":16},"end":{"line":79,"column":39}},"41":{"start":{"line":81,"column":16},"end":{"line":81,"column":35}},"42":{"start":{"line":90,"column":12},"end":{"line":90,"column":36}},"43":{"start":{"line":91,"column":12},"end":{"line":91,"column":79}},"44":{"start":{"line":92,"column":12},"end":{"line":92,"column":26}},"45":{"start":{"line":93,"column":12},"end":{"line":93,"column":33}},"46":{"start":{"line":94,"column":12},"end":{"line":94,"column":38}},"47":{"start":{"line":102,"column":12},"end":{"line":102,"column":40}},"48":{"start":{"line":103,"column":12},"end":{"line":103,"column":82}},"49":{"start":{"line":104,"column":12},"end":{"line":104,"column":26}},"50":{"start":{"line":112,"column":12},"end":{"line":112,"column":41}},"51":{"start":{"line":113,"column":12},"end":{"line":113,"column":48}},"52":{"start":{"line":114,"column":12},"end":{"line":114,"column":109}},"53":{"start":{"line":121,"column":12},"end":{"line":121,"column":30}},"54":{"start":{"line":122,"column":12},"end":{"line":122,"column":39}},"55":{"start":{"line":123,"column":12},"end":{"line":123,"column":30}},"56":{"start":{"line":133,"column":27},"end":{"line":133,"column":56}},"57":{"start":{"line":134,"column":12},"end":{"line":134,"column":51}},"58":{"start":{"line":135,"column":12},"end":{"line":135,"column":108}},"59":{"start":{"line":136,"column":12},"end":{"line":136,"column":35}},"60":{"start":{"line":136,"column":20},"end":{"line":136,"column":35}},"61":{"start":{"line":137,"column":12},"end":{"line":137,"column":45}},"62":{"start":{"line":138,"column":12},"end":{"line":138,"column":63}},"63":{"start":{"line":146,"column":23},"end":{"line":146,"column":50}},"64":{"start":{"line":147,"column":12},"end":{"line":147,"column":32}},"65":{"start":{"line":147,"column":20},"end":{"line":147,"column":32}},"66":{"start":{"line":154,"column":12},"end":{"line":156,"column":13}},"67":{"start":{"line":155,"column":16},"end":{"line":155,"column":49}},"68":{"start":{"line":169,"column":19},"end":{"line":169,"column":52}},"69":{"start":{"line":170,"column":4},"end":{"line":172,"column":5}},"70":{"start":{"line":171,"column":8},"end":{"line":171,"column":46}},"71":{"start":{"line":174,"column":21},"end":{"line":174,"column":57}},"72":{"start":{"line":175,"column":24},"end":{"line":184,"column":5}},"73":{"start":{"line":187,"column":4},"end":{"line":195,"column":5}},"74":{"start":{"line":188,"column":8},"end":{"line":192,"column":11}},"75":{"start":{"line":194,"column":8},"end":{"line":194,"column":68}},"76":{"start":{"line":197,"column":4},"end":{"line":203,"column":5}},"77":{"start":{"line":198,"column":24},"end":{"line":198,"column":26}},"78":{"start":{"line":199,"column":8},"end":{"line":201,"column":22}},"79":{"start":{"line":200,"column":12},"end":{"line":200,"column":46}},"80":{"start":{"line":202,"column":8},"end":{"line":202,"column":93}},"81":{"start":{"line":205,"column":17},"end":{"line":205,"column":38}},"82":{"start":{"line":206,"column":4},"end":{"line":206,"column":37}},"83":{"start":{"line":215,"column":4},"end":{"line":217,"column":5}},"84":{"start":{"line":216,"column":8},"end":{"line":216,"column":59}},"85":{"start":{"line":218,"column":4},"end":{"line":218,"column":36}},"86":{"start":{"line":221,"column":0},"end":{"line":223,"column":1}},"87":{"start":{"line":222,"column":4},"end":{"line":222,"column":77}}},"fnMap":{"0":{"name":"(anonymous_0)","decl":{"start":{"line":22,"column":50},"end":{"line":22,"column":51}},"loc":{"start":{"line":22,"column":56},"end":{"line":158,"column":5}},"line":22},"1":{"name":"toggleChatWindow","decl":{"start":{"line":40,"column":17},"end":{"line":40,"column":33}},"loc":{"start":{"line":40,"column":36},"end":{"line":47,"column":9}},"line":40},"2":{"name":"handleChatSubmit","decl":{"start":{"line":53,"column":23},"end":{"line":53,"column":39}},"loc":{"start":{"line":53,"column":43},"end":{"line":83,"column":9}},"line":53},"3":{"name":"processUserMessage","decl":{"start":{"line":89,"column":17},"end":{"line":89,"column":35}},"loc":{"start":{"line":89,"column":41},"end":{"line":95,"column":9}},"line":89},"4":{"name":"processSystemMessage","decl":{"start":{"line":101,"column":17},"end":{"line":101,"column":37}},"loc":{"start":{"line":101,"column":45},"end":{"line":105,"column":9}},"line":101},"5":{"name":"handleChatError","decl":{"start":{"line":111,"column":17},"end":{"line":111,"column":32}},"loc":{"start":{"line":111,"column":40},"end":{"line":115,"column":9}},"line":111},"6":{"name":"cleanupChatState","decl":{"start":{"line":120,"column":17},"end":{"line":120,"column":33}},"loc":{"start":{"line":120,"column":36},"end":{"line":124,"column":9}},"line":120},"7":{"name":"addMessage","decl":{"start":{"line":132,"column":17},"end":{"line":132,"column":27}},"loc":{"start":{"line":132,"column":53},"end":{"line":139,"column":9}},"line":132},"8":{"name":"removeMessage","decl":{"start":{"line":145,"column":17},"end":{"line":145,"column":30}},"loc":{"start":{"line":145,"column":35},"end":{"line":148,"column":9}},"line":145},"9":{"name":"trimHistory","decl":{"start":{"line":153,"column":17},"end":{"line":153,"column":28}},"loc":{"start":{"line":153,"column":31},"end":{"line":157,"column":9}},"line":153},"10":{"name":"queryGeminiAPI","decl":{"start":{"line":168,"column":15},"end":{"line":168,"column":29}},"loc":{"start":{"line":168,"column":41},"end":{"line":207,"column":1}},"line":168},"11":{"name":"parseGeminiResponse","decl":{"start":{"line":214,"column":9},"end":{"line":214,"column":28}},"loc":{"start":{"line":214,"column":38},"end":{"line":219,"column":1}},"line":214}},"branchMap":{"0":{"loc":{"start":{"line":21,"column":0},"end":{"line":159,"column":1}},"type":"if","locations":[{"start":{"line":21,"column":0},"end":{"line":159,"column":1}},{"start":{},"end":{}}],"line":21},"1":{"loc":{"start":{"line":31,"column":8},"end":{"line":31,"column":47}},"type":"if","locations":[{"start":{"line":31,"column":8},"end":{"line":31,"column":47}},{"start":{},"end":{}}],"line":31},"2":{"loc":{"start":{"line":31,"column":12},"end":{"line":31,"column":38}},"type":"binary-expr","locations":[{"start":{"line":31,"column":12},"end":{"line":31,"column":23}},{"start":{"line":31,"column":27},"end":{"line":31,"column":38}}],"line":31},"3":{"loc":{"start":{"line":43,"column":37},"end":{"line":43,"column":57}},"type":"cond-expr","locations":[{"start":{"line":43,"column":48},"end":{"line":43,"column":51}},{"start":{"line":43,"column":54},"end":{"line":43,"column":57}}],"line":43},"4":{"loc":{"start":{"line":44,"column":50},"end":{"line":44,"column":107}},"type":"cond-expr","locations":[{"start":{"line":44,"column":61},"end":{"line":44,"column":83}},{"start":{"line":44,"column":86},"end":{"line":44,"column":107}}],"line":44},"5":{"loc":{"start":{"line":46,"column":12},"end":{"line":46,"column":44}},"type":"if","locations":[{"start":{"line":46,"column":12},"end":{"line":46,"column":44}},{"start":{},"end":{}}],"line":46},"6":{"loc":{"start":{"line":55,"column":12},"end":{"line":55,"column":34}},"type":"if","locations":[{"start":{"line":55,"column":12},"end":{"line":55,"column":34}},{"start":{},"end":{}}],"line":55},"7":{"loc":{"start":{"line":58,"column":12},"end":{"line":58,"column":33}},"type":"if","locations":[{"start":{"line":58,"column":12},"end":{"line":58,"column":33}},{"start":{},"end":{}}],"line":58},"8":{"loc":{"start":{"line":60,"column":12},"end":{"line":63,"column":13}},"type":"if","locations":[{"start":{"line":60,"column":12},"end":{"line":63,"column":13}},{"start":{},"end":{}}],"line":60},"9":{"loc":{"start":{"line":75,"column":16},"end":{"line":77,"column":17}},"type":"if","locations":[{"start":{"line":75,"column":16},"end":{"line":77,"column":17}},{"start":{},"end":{}}],"line":75},"10":{"loc":{"start":{"line":132,"column":42},"end":{"line":132,"column":51}},"type":"default-arg","locations":[{"start":{"line":132,"column":47},"end":{"line":132,"column":51}}],"line":132},"11":{"loc":{"start":{"line":136,"column":12},"end":{"line":136,"column":35}},"type":"if","locations":[{"start":{"line":136,"column":12},"end":{"line":136,"column":35}},{"start":{},"end":{}}],"line":136},"12":{"loc":{"start":{"line":147,"column":12},"end":{"line":147,"column":32}},"type":"if","locations":[{"start":{"line":147,"column":12},"end":{"line":147,"column":32}},{"start":{},"end":{}}],"line":147},"13":{"loc":{"start":{"line":154,"column":12},"end":{"line":156,"column":13}},"type":"if","locations":[{"start":{"line":154,"column":12},"end":{"line":156,"column":13}},{"start":{},"end":{}}],"line":154},"14":{"loc":{"start":{"line":170,"column":4},"end":{"line":172,"column":5}},"type":"if","locations":[{"start":{"line":170,"column":4},"end":{"line":172,"column":5}},{"start":{},"end":{}}],"line":170},"15":{"loc":{"start":{"line":170,"column":8},"end":{"line":170,"column":45}},"type":"binary-expr","locations":[{"start":{"line":170,"column":8},"end":{"line":170,"column":15}},{"start":{"line":170,"column":19},"end":{"line":170,"column":45}}],"line":170},"16":{"loc":{"start":{"line":197,"column":4},"end":{"line":203,"column":5}},"type":"if","locations":[{"start":{"line":197,"column":4},"end":{"line":203,"column":5}},{"start":{},"end":{}}],"line":197},"17":{"loc":{"start":{"line":202,"column":24},"end":{"line":202,"column":91}},"type":"binary-expr","locations":[{"start":{"line":202,"column":24},"end":{"line":202,"column":48}},{"start":{"line":202,"column":52},"end":{"line":202,"column":91}}],"line":202},"18":{"loc":{"start":{"line":215,"column":4},"end":{"line":217,"column":5}},"type":"if","locations":[{"start":{"line":215,"column":4},"end":{"line":217,"column":5}},{"start":{},"end":{}}],"line":215},"19":{"loc":{"start":{"line":221,"column":0},"end":{"line":223,"column":1}},"type":"if","locations":[{"start":{"line":221,"column":0},"end":{"line":223,"column":1}},{"start":{},"end":{}}],"line":221},"20":{"loc":{"start":{"line":221,"column":4},"end":{"line":221,"column":51}},"type":"binary-expr","locations":[{"start":{"line":221,"column":4},"end":{"line":221,"column":33}},{"start":{"line":221,"column":37},"end":{"line":221,"column":51}}],"line":221}},"s":{"0":1,"1":1,"2":1,"3":1,"4":1,"5":1,"6":1,"7":1,"8":1,"9":1,"10":1,"11":1,"12":0,"13":1,"14":1,"15":2,"16":2,"17":2,"18":2,"19":2,"20":2,"21":1,"22":2,"23":2,"24":0,"25":2,"26":2,"27":0,"28":2,"29":1,"30":1,"31":1,"32":1,"33":1,"34":1,"35":1,"36":1,"37":1,"38":1,"39":1,"40":0,"41":1,"42":1,"43":1,"44":1,"45":1,"46":1,"47":1,"48":1,"49":1,"50":0,"51":0,"52":0,"53":1,"54":1,"55":1,"56":4,"57":4,"58":4,"59":4,"60":1,"61":4,"62":4,"63":1,"64":1,"65":1,"66":2,"67":0,"68":5,"69":5,"70":1,"71":4,"72":4,"73":4,"74":4,"75":1,"76":3,"77":1,"78":1,"79":1,"80":1,"81":2,"82":2,"83":6,"84":3,"85":3,"86":1,"87":1},"f":{"0":1,"1":2,"2":2,"3":1,"4":1,"5":0,"6":1,"7":4,"8":1,"9":2,"10":5,"11":6},"b":{"0":[1,0],"1":[0,1],"2":[1,1],"3":[1,1],"4":[1,1],"5":[1,1],"6":[0,2],"7":[0,2],"8":[1,1],"9":[1,0],"10":[3],"11":[1,3],"12":[1,0],"13":[0,2],"14":[1,4],"15":[5,4],"16":[1,2],"17":[1,0],"18":[3,3],"19":[1,0],"20":[1,1]},"_coverageSchema":"1a1c01bbd47fc00a2c39e90264f33305004495a9","hash":"b3dd89f13eb4834b20bde824df6a6ca6faed7b97"}
,"D:\\Project\\VoteWise\\js\\eligibility.js": {"path":"D:\\Project\\VoteWise\\js\\eligibility.js","statementMap":{"0":{"start":{"line":1,"column":0},"end":{"line":55,"column":1}},"1":{"start":{"line":2,"column":0},"end":{"line":54,"column":3}},"2":{"start":{"line":3,"column":17},"end":{"line":3,"column":60}},"3":{"start":{"line":4,"column":22},"end":{"line":4,"column":67}},"4":{"start":{"line":6,"column":4},"end":{"line":6,"column":22}},"5":{"start":{"line":6,"column":15},"end":{"line":6,"column":22}},"6":{"start":{"line":8,"column":4},"end":{"line":43,"column":7}},"7":{"start":{"line":9,"column":8},"end":{"line":9,"column":27}},"8":{"start":{"line":12,"column":25},"end":{"line":12,"column":75}},"9":{"start":{"line":13,"column":26},"end":{"line":13,"column":88}},"10":{"start":{"line":14,"column":27},"end":{"line":14,"column":86}},"11":{"start":{"line":16,"column":8},"end":{"line":19,"column":9}},"12":{"start":{"line":17,"column":12},"end":{"line":17,"column":59}},"13":{"start":{"line":18,"column":12},"end":{"line":18,"column":19}},"14":{"start":{"line":21,"column":8},"end":{"line":24,"column":9}},"15":{"start":{"line":22,"column":12},"end":{"line":22,"column":62}},"16":{"start":{"line":23,"column":12},"end":{"line":23,"column":19}},"17":{"start":{"line":27,"column":28},"end":{"line":27,"column":100}},"18":{"start":{"line":30,"column":8},"end":{"line":42,"column":9}},"19":{"start":{"line":31,"column":12},"end":{"line":34,"column":14}},"20":{"start":{"line":36,"column":25},"end":{"line":36,"column":27}},"21":{"start":{"line":37,"column":12},"end":{"line":37,"column":76}},"22":{"start":{"line":37,"column":31},"end":{"line":37,"column":76}},"23":{"start":{"line":38,"column":12},"end":{"line":38,"column":78}},"24":{"start":{"line":38,"column":37},"end":{"line":38,"column":78}},"25":{"start":{"line":39,"column":12},"end":{"line":39,"column":82}},"26":{"start":{"line":39,"column":38},"end":{"line":39,"column":82}},"27":{"start":{"line":41,"column":12},"end":{"line":41,"column":93}},"28":{"start":{"line":46,"column":8},"end":{"line":46,"column":38}},"29":{"start":{"line":47,"column":8},"end":{"line":47,"column":78}},"30":{"start":{"line":48,"column":8},"end":{"line":48,"column":44}},"31":{"start":{"line":49,"column":8},"end":{"line":49,"column":41}},"32":{"start":{"line":50,"column":8},"end":{"line":50,"column":94}},"33":{"start":{"line":51,"column":8},"end":{"line":51,"column":45}},"34":{"start":{"line":52,"column":8},"end":{"line":52,"column":33}},"35":{"start":{"line":66,"column":4},"end":{"line":66,"column":48}},"36":{"start":{"line":69,"column":0},"end":{"line":71,"column":1}},"37":{"start":{"line":70,"column":4},"end":{"line":70,"column":45}}},"fnMap":{"0":{"name":"(anonymous_0)","decl":{"start":{"line":2,"column":46},"end":{"line":2,"column":47}},"loc":{"start":{"line":2,"column":52},"end":{"line":54,"column":1}},"line":2},"1":{"name":"(anonymous_1)","decl":{"start":{"line":8,"column":36},"end":{"line":8,"column":37}},"loc":{"start":{"line":8,"column":43},"end":{"line":43,"column":5}},"line":8},"2":{"name":"showResult","decl":{"start":{"line":45,"column":13},"end":{"line":45,"column":23}},"loc":{"start":{"line":45,"column":45},"end":{"line":53,"column":5}},"line":45},"3":{"name":"evaluateEligibility","decl":{"start":{"line":65,"column":9},"end":{"line":65,"column":28}},"loc":{"start":{"line":65,"column":57},"end":{"line":67,"column":1}},"line":65}},"branchMap":{"0":{"loc":{"start":{"line":1,"column":0},"end":{"line":55,"column":1}},"type":"if","locations":[{"start":{"line":1,"column":0},"end":{"line":55,"column":1}},{"start":{},"end":{}}],"line":1},"1":{"loc":{"start":{"line":6,"column":4},"end":{"line":6,"column":22}},"type":"if","locations":[{"start":{"line":6,"column":4},"end":{"line":6,"column":22}},{"start":{},"end":{}}],"line":6},"2":{"loc":{"start":{"line":16,"column":8},"end":{"line":19,"column":9}},"type":"if","locations":[{"start":{"line":16,"column":8},"end":{"line":19,"column":9}},{"start":{},"end":{}}],"line":16},"3":{"loc":{"start":{"line":16,"column":12},"end":{"line":16,"column":44}},"type":"binary-expr","locations":[{"start":{"line":16,"column":12},"end":{"line":16,"column":27}},{"start":{"line":16,"column":31},"end":{"line":16,"column":44}}],"line":16},"4":{"loc":{"start":{"line":21,"column":8},"end":{"line":24,"column":9}},"type":"if","locations":[{"start":{"line":21,"column":8},"end":{"line":24,"column":9}},{"start":{},"end":{}}],"line":21},"5":{"loc":{"start":{"line":21,"column":12},"end":{"line":21,"column":37}},"type":"binary-expr","locations":[{"start":{"line":21,"column":12},"end":{"line":21,"column":22}},{"start":{"line":21,"column":26},"end":{"line":21,"column":37}}],"line":21},"6":{"loc":{"start":{"line":30,"column":8},"end":{"line":42,"column":9}},"type":"if","locations":[{"start":{"line":30,"column":8},"end":{"line":42,"column":9}},{"start":{"line":35,"column":15},"end":{"line":42,"column":9}}],"line":30},"7":{"loc":{"start":{"line":37,"column":12},"end":{"line":37,"column":76}},"type":"if","locations":[{"start":{"line":37,"column":12},"end":{"line":37,"column":76}},{"start":{},"end":{}}],"line":37},"8":{"loc":{"start":{"line":38,"column":12},"end":{"line":38,"column":78}},"type":"if","locations":[{"start":{"line":38,"column":12},"end":{"line":38,"column":78}},{"start":{},"end":{}}],"line":38},"9":{"loc":{"start":{"line":39,"column":12},"end":{"line":39,"column":82}},"type":"if","locations":[{"start":{"line":39,"column":12},"end":{"line":39,"column":82}},{"start":{},"end":{}}],"line":39},"10":{"loc":{"start":{"line":47,"column":32},"end":{"line":47,"column":77}},"type":"cond-expr","locations":[{"start":{"line":47,"column":45},"end":{"line":47,"column":65}},{"start":{"line":47,"column":68},"end":{"line":47,"column":77}}],"line":47},"11":{"loc":{"start":{"line":50,"column":46},"end":{"line":50,"column":91}},"type":"cond-expr","locations":[{"start":{"line":50,"column":59},"end":{"line":50,"column":79}},{"start":{"line":50,"column":82},"end":{"line":50,"column":91}}],"line":50},"12":{"loc":{"start":{"line":66,"column":11},"end":{"line":66,"column":47}},"type":"binary-expr","locations":[{"start":{"line":66,"column":11},"end":{"line":66,"column":20}},{"start":{"line":66,"column":24},"end":{"line":66,"column":33}},{"start":{"line":66,"column":37},"end":{"line":66,"column":47}}],"line":66},"13":{"loc":{"start":{"line":69,"column":0},"end":{"line":71,"column":1}},"type":"if","locations":[{"start":{"line":69,"column":0},"end":{"line":71,"column":1}},{"start":{},"end":{}}],"line":69},"14":{"loc":{"start":{"line":69,"column":4},"end":{"line":69,"column":51}},"type":"binary-expr","locations":[{"start":{"line":69,"column":4},"end":{"line":69,"column":33}},{"start":{"line":69,"column":37},"end":{"line":69,"column":51}}],"line":69}},"s":{"0":1,"1":1,"2":1,"3":1,"4":1,"5":0,"6":1,"7":4,"8":4,"9":4,"10":4,"11":4,"12":1,"13":1,"14":3,"15":1,"16":1,"17":2,"18":2,"19":1,"20":1,"21":1,"22":1,"23":1,"24":0,"25":1,"26":0,"27":1,"28":4,"29":4,"30":4,"31":4,"32":4,"33":4,"34":4,"35":12,"36":1,"37":1},"f":{"0":1,"1":4,"2":4,"3":12},"b":{"0":[1,0],"1":[0,1],"2":[1,3],"3":[4,4],"4":[1,2],"5":[3,2],"6":[1,1],"7":[1,0],"8":[0,1],"9":[0,1],"10":[1,3],"11":[1,3],"12":[12,7,5],"13":[1,0],"14":[1,1]},"_coverageSchema":"1a1c01bbd47fc00a2c39e90264f33305004495a9","hash":"aacc5dfc8983ef5651ec36cbb428e9480cd5fbd2"}
,"D:\\Project\\VoteWise\\js\\quiz.js": {"path":"D:\\Project\\VoteWise\\js\\quiz.js","statementMap":{"0":{"start":{"line":7,"column":18},"end":{"line":18,"column":1}},"1":{"start":{"line":20,"column":0},"end":{"line":237,"column":1}},"2":{"start":{"line":21,"column":4},"end":{"line":236,"column":7}},"3":{"start":{"line":22,"column":29},"end":{"line":22,"column":66}},"4":{"start":{"line":23,"column":28},"end":{"line":23,"column":67}},"5":{"start":{"line":25,"column":31},"end":{"line":25,"column":33}},"6":{"start":{"line":26,"column":27},"end":{"line":26,"column":28}},"7":{"start":{"line":27,"column":20},"end":{"line":27,"column":21}},"8":{"start":{"line":29,"column":8},"end":{"line":29,"column":50}},"9":{"start":{"line":29,"column":43},"end":{"line":29,"column":50}},"10":{"start":{"line":31,"column":8},"end":{"line":33,"column":11}},"11":{"start":{"line":32,"column":12},"end":{"line":32,"column":61}},"12":{"start":{"line":41,"column":12},"end":{"line":41,"column":69}},"13":{"start":{"line":42,"column":12},"end":{"line":42,"column":32}},"14":{"start":{"line":45,"column":12},"end":{"line":47,"column":13}},"15":{"start":{"line":46,"column":16},"end":{"line":46,"column":78}},"16":{"start":{"line":49,"column":12},"end":{"line":62,"column":13}},"17":{"start":{"line":50,"column":16},"end":{"line":50,"column":62}},"18":{"start":{"line":51,"column":16},"end":{"line":53,"column":17}},"19":{"start":{"line":52,"column":20},"end":{"line":52,"column":63}},"20":{"start":{"line":54,"column":16},"end":{"line":54,"column":33}},"21":{"start":{"line":55,"column":16},"end":{"line":55,"column":26}},"22":{"start":{"line":56,"column":16},"end":{"line":56,"column":39}},"23":{"start":{"line":57,"column":16},"end":{"line":57,"column":34}},"24":{"start":{"line":58,"column":16},"end":{"line":58,"column":33}},"25":{"start":{"line":60,"column":16},"end":{"line":60,"column":63}},"26":{"start":{"line":61,"column":16},"end":{"line":61,"column":105}},"27":{"start":{"line":72,"column":12},"end":{"line":72,"column":74}},"28":{"start":{"line":73,"column":12},"end":{"line":73,"column":35}},"29":{"start":{"line":74,"column":12},"end":{"line":74,"column":54}},"30":{"start":{"line":75,"column":12},"end":{"line":75,"column":33}},"31":{"start":{"line":82,"column":12},"end":{"line":85,"column":13}},"32":{"start":{"line":83,"column":16},"end":{"line":83,"column":32}},"33":{"start":{"line":84,"column":16},"end":{"line":84,"column":23}},"34":{"start":{"line":87,"column":22},"end":{"line":87,"column":52}},"35":{"start":{"line":88,"column":12},"end":{"line":88,"column":96}},"36":{"start":{"line":90,"column":12},"end":{"line":90,"column":39}},"37":{"start":{"line":101,"column":23},"end":{"line":105,"column":13}},"38":{"start":{"line":107,"column":12},"end":{"line":109,"column":15}},"39":{"start":{"line":108,"column":16},"end":{"line":108,"column":88}},"40":{"start":{"line":111,"column":12},"end":{"line":113,"column":74}},"41":{"start":{"line":114,"column":12},"end":{"line":114,"column":24}},"42":{"start":{"line":122,"column":31},"end":{"line":122,"column":72}},"43":{"start":{"line":123,"column":28},"end":{"line":123,"column":63}},"44":{"start":{"line":124,"column":27},"end":{"line":124,"column":69}},"45":{"start":{"line":126,"column":12},"end":{"line":130,"column":15}},"46":{"start":{"line":127,"column":16},"end":{"line":129,"column":19}},"47":{"start":{"line":128,"column":20},"end":{"line":128,"column":73}},"48":{"start":{"line":132,"column":12},"end":{"line":135,"column":15}},"49":{"start":{"line":133,"column":16},"end":{"line":133,"column":31}},"50":{"start":{"line":134,"column":16},"end":{"line":134,"column":33}},"51":{"start":{"line":147,"column":12},"end":{"line":147,"column":55}},"52":{"start":{"line":147,"column":36},"end":{"line":147,"column":53}},"53":{"start":{"line":148,"column":32},"end":{"line":148,"column":79}},"54":{"start":{"line":150,"column":30},"end":{"line":150,"column":77}},"55":{"start":{"line":151,"column":12},"end":{"line":160,"column":13}},"56":{"start":{"line":152,"column":16},"end":{"line":152,"column":24}},"57":{"start":{"line":153,"column":16},"end":{"line":153,"column":70}},"58":{"start":{"line":154,"column":16},"end":{"line":154,"column":60}},"59":{"start":{"line":156,"column":16},"end":{"line":156,"column":59}},"60":{"start":{"line":157,"column":16},"end":{"line":157,"column":47}},"61":{"start":{"line":158,"column":16},"end":{"line":158,"column":88}},"62":{"start":{"line":159,"column":16},"end":{"line":159,"column":78}},"63":{"start":{"line":162,"column":12},"end":{"line":162,"column":108}},"64":{"start":{"line":163,"column":12},"end":{"line":163,"column":34}},"65":{"start":{"line":164,"column":12},"end":{"line":164,"column":35}},"66":{"start":{"line":172,"column":12},"end":{"line":174,"column":13}},"67":{"start":{"line":173,"column":16},"end":{"line":173,"column":95}},"68":{"start":{"line":176,"column":12},"end":{"line":185,"column":14}},"69":{"start":{"line":187,"column":12},"end":{"line":192,"column":15}},"70":{"start":{"line":188,"column":16},"end":{"line":188,"column":42}},"71":{"start":{"line":189,"column":16},"end":{"line":189,"column":44}},"72":{"start":{"line":190,"column":16},"end":{"line":190,"column":67}},"73":{"start":{"line":191,"column":16},"end":{"line":191,"column":46}},"74":{"start":{"line":194,"column":12},"end":{"line":194,"column":46}},"75":{"start":{"line":201,"column":29},"end":{"line":201,"column":74}},"76":{"start":{"line":202,"column":27},"end":{"line":202,"column":70}},"77":{"start":{"line":204,"column":12},"end":{"line":207,"column":13}},"78":{"start":{"line":205,"column":16},"end":{"line":205,"column":92}},"79":{"start":{"line":206,"column":16},"end":{"line":206,"column":23}},"80":{"start":{"line":209,"column":12},"end":{"line":234,"column":13}},"81":{"start":{"line":211,"column":16},"end":{"line":215,"column":19}},"82":{"start":{"line":218,"column":33},"end":{"line":221,"column":26}},"83":{"start":{"line":223,"column":16},"end":{"line":223,"column":53}},"84":{"start":{"line":224,"column":16},"end":{"line":224,"column":38}},"85":{"start":{"line":225,"column":16},"end":{"line":230,"column":19}},"86":{"start":{"line":226,"column":33},"end":{"line":226,"column":43}},"87":{"start":{"line":227,"column":31},"end":{"line":227,"column":59}},"88":{"start":{"line":228,"column":20},"end":{"line":228,"column":120}},"89":{"start":{"line":229,"column":20},"end":{"line":229,"column":43}},"90":{"start":{"line":232,"column":16},"end":{"line":232,"column":68}},"91":{"start":{"line":233,"column":16},"end":{"line":233,"column":69}},"92":{"start":{"line":245,"column":19},"end":{"line":245,"column":52}},"93":{"start":{"line":246,"column":4},"end":{"line":246,"column":82}},"94":{"start":{"line":246,"column":47},"end":{"line":246,"column":82}},"95":{"start":{"line":248,"column":21},"end":{"line":248,"column":52}},"96":{"start":{"line":249,"column":20},"end":{"line":252,"column":5}},"97":{"start":{"line":255,"column":4},"end":{"line":263,"column":5}},"98":{"start":{"line":256,"column":8},"end":{"line":260,"column":11}},"99":{"start":{"line":262,"column":8},"end":{"line":262,"column":66}},"100":{"start":{"line":265,"column":4},"end":{"line":265,"column":69}},"101":{"start":{"line":265,"column":22},"end":{"line":265,"column":69}},"102":{"start":{"line":267,"column":17},"end":{"line":267,"column":38}},"103":{"start":{"line":268,"column":4},"end":{"line":268,"column":31}},"104":{"start":{"line":278,"column":4},"end":{"line":280,"column":5}},"105":{"start":{"line":279,"column":8},"end":{"line":279,"column":70}},"106":{"start":{"line":281,"column":20},"end":{"line":281,"column":60}},"107":{"start":{"line":282,"column":20},"end":{"line":282,"column":63}},"108":{"start":{"line":285,"column":4},"end":{"line":289,"column":5}},"109":{"start":{"line":286,"column":8},"end":{"line":286,"column":40}},"110":{"start":{"line":288,"column":8},"end":{"line":288,"column":70}},"111":{"start":{"line":291,"column":4},"end":{"line":293,"column":5}},"112":{"start":{"line":292,"column":8},"end":{"line":292,"column":71}},"113":{"start":{"line":294,"column":4},"end":{"line":294,"column":21}},"114":{"start":{"line":304,"column":4},"end":{"line":304,"column":42}},"115":{"start":{"line":307,"column":0},"end":{"line":309,"column":1}},"116":{"start":{"line":308,"column":4},"end":{"line":308,"column":79}}},"fnMap":{"0":{"name":"(anonymous_0)","decl":{"start":{"line":21,"column":50},"end":{"line":21,"column":51}},"loc":{"start":{"line":21,"column":56},"end":{"line":236,"column":5}},"line":21},"1":{"name":"(anonymous_1)","decl":{"start":{"line":31,"column":47},"end":{"line":31,"column":48}},"loc":{"start":{"line":31,"column":59},"end":{"line":33,"column":9}},"line":31},"2":{"name":"handleQuizStart","decl":{"start":{"line":40,"column":23},"end":{"line":40,"column":38}},"loc":{"start":{"line":40,"column":53},"end":{"line":63,"column":9}},"line":40},"3":{"name":"showQuizError","decl":{"start":{"line":71,"column":17},"end":{"line":71,"column":30}},"loc":{"start":{"line":71,"column":50},"end":{"line":76,"column":9}},"line":71},"4":{"name":"renderQuestion","decl":{"start":{"line":81,"column":17},"end":{"line":81,"column":31}},"loc":{"start":{"line":81,"column":34},"end":{"line":91,"column":9}},"line":81},"5":{"name":"buildQuestionHTML","decl":{"start":{"line":100,"column":17},"end":{"line":100,"column":34}},"loc":{"start":{"line":100,"column":52},"end":{"line":115,"column":9}},"line":100},"6":{"name":"(anonymous_6)","decl":{"start":{"line":107,"column":30},"end":{"line":107,"column":31}},"loc":{"start":{"line":107,"column":44},"end":{"line":109,"column":13}},"line":107},"7":{"name":"attachQuestionListeners","decl":{"start":{"line":121,"column":17},"end":{"line":121,"column":40}},"loc":{"start":{"line":121,"column":44},"end":{"line":136,"column":9}},"line":121},"8":{"name":"(anonymous_8)","decl":{"start":{"line":126,"column":31},"end":{"line":126,"column":32}},"loc":{"start":{"line":126,"column":38},"end":{"line":130,"column":13}},"line":126},"9":{"name":"(anonymous_9)","decl":{"start":{"line":127,"column":46},"end":{"line":127,"column":47}},"loc":{"start":{"line":127,"column":53},"end":{"line":129,"column":17}},"line":127},"10":{"name":"(anonymous_10)","decl":{"start":{"line":132,"column":46},"end":{"line":132,"column":47}},"loc":{"start":{"line":132,"column":52},"end":{"line":135,"column":13}},"line":132},"11":{"name":"handleOptionClick","decl":{"start":{"line":146,"column":17},"end":{"line":146,"column":34}},"loc":{"start":{"line":146,"column":70},"end":{"line":165,"column":9}},"line":146},"12":{"name":"(anonymous_12)","decl":{"start":{"line":147,"column":31},"end":{"line":147,"column":32}},"loc":{"start":{"line":147,"column":36},"end":{"line":147,"column":53}},"line":147},"13":{"name":"renderSummary","decl":{"start":{"line":170,"column":23},"end":{"line":170,"column":36}},"loc":{"start":{"line":170,"column":39},"end":{"line":195,"column":9}},"line":170},"14":{"name":"(anonymous_14)","decl":{"start":{"line":187,"column":76},"end":{"line":187,"column":77}},"loc":{"start":{"line":187,"column":82},"end":{"line":192,"column":13}},"line":187},"15":{"name":"handleFirebaseLeaderboard","decl":{"start":{"line":200,"column":23},"end":{"line":200,"column":48}},"loc":{"start":{"line":200,"column":51},"end":{"line":235,"column":9}},"line":200},"16":{"name":"(anonymous_16)","decl":{"start":{"line":225,"column":33},"end":{"line":225,"column":34}},"loc":{"start":{"line":225,"column":40},"end":{"line":230,"column":17}},"line":225},"17":{"name":"fetchQuizQuestions","decl":{"start":{"line":244,"column":15},"end":{"line":244,"column":33}},"loc":{"start":{"line":244,"column":36},"end":{"line":269,"column":1}},"line":244},"18":{"name":"parseQuizJSON","decl":{"start":{"line":277,"column":9},"end":{"line":277,"column":22}},"loc":{"start":{"line":277,"column":29},"end":{"line":295,"column":1}},"line":277},"19":{"name":"evaluateQuizAnswer","decl":{"start":{"line":303,"column":9},"end":{"line":303,"column":27}},"loc":{"start":{"line":303,"column":57},"end":{"line":305,"column":1}},"line":303}},"branchMap":{"0":{"loc":{"start":{"line":20,"column":0},"end":{"line":237,"column":1}},"type":"if","locations":[{"start":{"line":20,"column":0},"end":{"line":237,"column":1}},{"start":{},"end":{}}],"line":20},"1":{"loc":{"start":{"line":29,"column":8},"end":{"line":29,"column":50}},"type":"if","locations":[{"start":{"line":29,"column":8},"end":{"line":29,"column":50}},{"start":{},"end":{}}],"line":29},"2":{"loc":{"start":{"line":29,"column":12},"end":{"line":29,"column":41}},"type":"binary-expr","locations":[{"start":{"line":29,"column":12},"end":{"line":29,"column":25}},{"start":{"line":29,"column":29},"end":{"line":29,"column":41}}],"line":29},"3":{"loc":{"start":{"line":45,"column":12},"end":{"line":47,"column":13}},"type":"if","locations":[{"start":{"line":45,"column":12},"end":{"line":47,"column":13}},{"start":{},"end":{}}],"line":45},"4":{"loc":{"start":{"line":51,"column":16},"end":{"line":53,"column":17}},"type":"if","locations":[{"start":{"line":51,"column":16},"end":{"line":53,"column":17}},{"start":{},"end":{}}],"line":51},"5":{"loc":{"start":{"line":51,"column":20},"end":{"line":51,"column":70}},"type":"binary-expr","locations":[{"start":{"line":51,"column":20},"end":{"line":51,"column":37}},{"start":{"line":51,"column":41},"end":{"line":51,"column":70}}],"line":51},"6":{"loc":{"start":{"line":82,"column":12},"end":{"line":85,"column":13}},"type":"if","locations":[{"start":{"line":82,"column":12},"end":{"line":85,"column":13}},{"start":{},"end":{}}],"line":82},"7":{"loc":{"start":{"line":151,"column":12},"end":{"line":160,"column":13}},"type":"if","locations":[{"start":{"line":151,"column":12},"end":{"line":160,"column":13}},{"start":{"line":155,"column":19},"end":{"line":160,"column":13}}],"line":151},"8":{"loc":{"start":{"line":162,"column":42},"end":{"line":162,"column":79}},"type":"cond-expr","locations":[{"start":{"line":162,"column":54},"end":{"line":162,"column":64}},{"start":{"line":162,"column":67},"end":{"line":162,"column":79}}],"line":162},"9":{"loc":{"start":{"line":172,"column":12},"end":{"line":174,"column":13}},"type":"if","locations":[{"start":{"line":172,"column":12},"end":{"line":174,"column":13}},{"start":{},"end":{}}],"line":172},"10":{"loc":{"start":{"line":204,"column":12},"end":{"line":207,"column":13}},"type":"if","locations":[{"start":{"line":204,"column":12},"end":{"line":207,"column":13}},{"start":{},"end":{}}],"line":204},"11":{"loc":{"start":{"line":246,"column":4},"end":{"line":246,"column":82}},"type":"if","locations":[{"start":{"line":246,"column":4},"end":{"line":246,"column":82}},{"start":{},"end":{}}],"line":246},"12":{"loc":{"start":{"line":246,"column":8},"end":{"line":246,"column":45}},"type":"binary-expr","locations":[{"start":{"line":246,"column":8},"end":{"line":246,"column":15}},{"start":{"line":246,"column":19},"end":{"line":246,"column":45}}],"line":246},"13":{"loc":{"start":{"line":265,"column":4},"end":{"line":265,"column":69}},"type":"if","locations":[{"start":{"line":265,"column":4},"end":{"line":265,"column":69}},{"start":{},"end":{}}],"line":265},"14":{"loc":{"start":{"line":278,"column":4},"end":{"line":280,"column":5}},"type":"if","locations":[{"start":{"line":278,"column":4},"end":{"line":280,"column":5}},{"start":{},"end":{}}],"line":278},"15":{"loc":{"start":{"line":291,"column":4},"end":{"line":293,"column":5}},"type":"if","locations":[{"start":{"line":291,"column":4},"end":{"line":293,"column":5}},{"start":{},"end":{}}],"line":291},"16":{"loc":{"start":{"line":291,"column":8},"end":{"line":291,"column":59}},"type":"binary-expr","locations":[{"start":{"line":291,"column":8},"end":{"line":291,"column":33}},{"start":{"line":291,"column":37},"end":{"line":291,"column":59}}],"line":291},"17":{"loc":{"start":{"line":307,"column":0},"end":{"line":309,"column":1}},"type":"if","locations":[{"start":{"line":307,"column":0},"end":{"line":309,"column":1}},{"start":{},"end":{}}],"line":307},"18":{"loc":{"start":{"line":307,"column":4},"end":{"line":307,"column":51}},"type":"binary-expr","locations":[{"start":{"line":307,"column":4},"end":{"line":307,"column":33}},{"start":{"line":307,"column":37},"end":{"line":307,"column":51}}],"line":307}},"s":{"0":1,"1":1,"2":1,"3":1,"4":1,"5":1,"6":1,"7":1,"8":1,"9":0,"10":1,"11":4,"12":4,"13":4,"14":4,"15":4,"16":4,"17":4,"18":3,"19":0,"20":3,"21":3,"22":3,"23":3,"24":3,"25":1,"26":1,"27":1,"28":1,"29":1,"30":1,"31":6,"32":3,"33":3,"34":3,"35":3,"36":3,"37":3,"38":3,"39":12,"40":3,"41":3,"42":3,"43":3,"44":3,"45":3,"46":12,"47":3,"48":3,"49":3,"50":3,"51":3,"52":12,"53":3,"54":3,"55":3,"56":2,"57":2,"58":2,"59":1,"60":1,"61":1,"62":1,"63":3,"64":3,"65":3,"66":3,"67":3,"68":3,"69":3,"70":1,"71":1,"72":1,"73":1,"74":3,"75":3,"76":3,"77":3,"78":1,"79":1,"80":2,"81":2,"82":1,"83":1,"84":1,"85":1,"86":1,"87":1,"88":1,"89":1,"90":1,"91":1,"92":8,"93":8,"94":1,"95":7,"96":7,"97":7,"98":7,"99":2,"100":5,"101":1,"102":4,"103":4,"104":8,"105":1,"106":7,"107":7,"108":7,"109":7,"110":1,"111":6,"112":1,"113":5,"114":8,"115":1,"116":1},"f":{"0":1,"1":4,"2":4,"3":1,"4":6,"5":3,"6":12,"7":3,"8":12,"9":3,"10":3,"11":3,"12":12,"13":3,"14":1,"15":3,"16":1,"17":8,"18":8,"19":8},"b":{"0":[1,0],"1":[0,1],"2":[1,1],"3":[4,0],"4":[0,3],"5":[3,3],"6":[3,3],"7":[2,1],"8":[2,1],"9":[3,0],"10":[1,2],"11":[1,7],"12":[8,8],"13":[1,4],"14":[1,7],"15":[1,5],"16":[6,6],"17":[1,0],"18":[1,1]},"_coverageSchema":"1a1c01bbd47fc00a2c39e90264f33305004495a9","hash":"9fbe1d756c065563be56a1c10851386148860e67"}
,"D:\\Project\\VoteWise\\js\\translate.js": {"path":"D:\\Project\\VoteWise\\js\\translate.js","statementMap":{"0":{"start":{"line":10,"column":24},"end":{"line":19,"column":1}},"1":{"start":{"line":26,"column":4},"end":{"line":30,"column":35}},"2":{"start":{"line":33,"column":4},"end":{"line":49,"column":5}},"3":{"start":{"line":34,"column":27},"end":{"line":48,"column":16}},"4":{"start":{"line":35,"column":34},"end":{"line":35,"column":74}},"5":{"start":{"line":36,"column":12},"end":{"line":47,"column":13}},"6":{"start":{"line":37,"column":16},"end":{"line":37,"column":42}},"7":{"start":{"line":38,"column":16},"end":{"line":46,"column":19}},"8":{"start":{"line":39,"column":41},"end":{"line":39,"column":55}},"9":{"start":{"line":40,"column":20},"end":{"line":45,"column":21}},"10":{"start":{"line":41,"column":24},"end":{"line":44,"column":27}},"11":{"start":{"line":56,"column":4},"end":{"line":60,"column":5}},"12":{"start":{"line":57,"column":32},"end":{"line":57,"column":64}},"13":{"start":{"line":58,"column":8},"end":{"line":58,"column":108}},"14":{"start":{"line":59,"column":8},"end":{"line":59,"column":51}},"15":{"start":{"line":64,"column":0},"end":{"line":64,"column":24}},"16":{"start":{"line":66,"column":0},"end":{"line":68,"column":1}},"17":{"start":{"line":67,"column":4},"end":{"line":67,"column":92}}},"fnMap":{"0":{"name":"googleTranslateElementInit","decl":{"start":{"line":25,"column":9},"end":{"line":25,"column":35}},"loc":{"start":{"line":25,"column":38},"end":{"line":50,"column":1}},"line":25},"1":{"name":"(anonymous_1)","decl":{"start":{"line":34,"column":39},"end":{"line":34,"column":40}},"loc":{"start":{"line":34,"column":45},"end":{"line":48,"column":9}},"line":34},"2":{"name":"(anonymous_2)","decl":{"start":{"line":38,"column":57},"end":{"line":38,"column":58}},"loc":{"start":{"line":38,"column":64},"end":{"line":46,"column":17}},"line":38},"3":{"name":"injectTranslateScript","decl":{"start":{"line":55,"column":9},"end":{"line":55,"column":30}},"loc":{"start":{"line":55,"column":33},"end":{"line":61,"column":1}},"line":55}},"branchMap":{"0":{"loc":{"start":{"line":33,"column":4},"end":{"line":49,"column":5}},"type":"if","locations":[{"start":{"line":33,"column":4},"end":{"line":49,"column":5}},{"start":{},"end":{}}],"line":33},"1":{"loc":{"start":{"line":36,"column":12},"end":{"line":47,"column":13}},"type":"if","locations":[{"start":{"line":36,"column":12},"end":{"line":47,"column":13}},{"start":{},"end":{}}],"line":36},"2":{"loc":{"start":{"line":40,"column":20},"end":{"line":45,"column":21}},"type":"if","locations":[{"start":{"line":40,"column":20},"end":{"line":45,"column":21}},{"start":{},"end":{}}],"line":40},"3":{"loc":{"start":{"line":40,"column":24},"end":{"line":40,"column":66}},"type":"binary-expr","locations":[{"start":{"line":40,"column":24},"end":{"line":40,"column":36}},{"start":{"line":40,"column":40},"end":{"line":40,"column":66}}],"line":40},"4":{"loc":{"start":{"line":56,"column":4},"end":{"line":60,"column":5}},"type":"if","locations":[{"start":{"line":56,"column":4},"end":{"line":60,"column":5}},{"start":{},"end":{}}],"line":56},"5":{"loc":{"start":{"line":66,"column":0},"end":{"line":68,"column":1}},"type":"if","locations":[{"start":{"line":66,"column":0},"end":{"line":68,"column":1}},{"start":{},"end":{}}],"line":66},"6":{"loc":{"start":{"line":66,"column":4},"end":{"line":66,"column":51}},"type":"binary-expr","locations":[{"start":{"line":66,"column":4},"end":{"line":66,"column":33}},{"start":{"line":66,"column":37},"end":{"line":66,"column":51}}],"line":66}},"s":{"0":1,"1":1,"2":1,"3":1,"4":0,"5":0,"6":0,"7":0,"8":0,"9":0,"10":0,"11":2,"12":2,"13":2,"14":2,"15":1,"16":1,"17":1},"f":{"0":1,"1":0,"2":0,"3":2},"b":{"0":[1,0],"1":[0,0],"2":[0,0],"3":[0,0],"4":[2,0],"5":[1,0],"6":[1,1]},"_coverageSchema":"1a1c01bbd47fc00a2c39e90264f33305004495a9","hash":"4cb79043923f49751b8e1f0fb2e8719bd07ff7b7"}
}
