TN:
SF:js\chat.js
FN:22,(anonymous_0)
FN:40,toggleChatWindow
FN:53,handleChatSubmit
FN:89,processUserMessage
FN:101,processSystemMessage
FN:111,handleChatError
FN:120,cleanupChatState
FN:132,addMessage
FN:145,removeMessage
FN:153,trimHistory
FN:168,queryGeminiAPI
FN:214,parseGeminiResponse
FNF:12
FNH:11
FNDA:1,(anonymous_0)
FNDA:2,toggleChatWindow
FNDA:2,handleChatSubmit
FNDA:1,processUserMessage
FNDA:1,processSystemMessage
FNDA:0,handleChatError
FNDA:1,cleanupChatState
FNDA:4,addMessage
FNDA:1,removeMessage
FNDA:2,trimHistory
FNDA:5,queryGeminiAPI
FNDA:6,parseGeminiResponse
DA:7,1
DA:19,1
DA:21,1
DA:22,1
DA:23,1
DA:24,1
DA:25,1
DA:26,1
DA:27,1
DA:28,1
DA:29,1
DA:31,1
DA:33,1
DA:35,1
DA:41,2
DA:42,2
DA:43,2
DA:44,2
DA:45,2
DA:46,2
DA:54,2
DA:55,2
DA:57,2
DA:58,2
DA:60,2
DA:61,1
DA:62,1
DA:65,1
DA:66,1
DA:68,1
DA:69,1
DA:70,1
DA:71,1
DA:72,1
DA:75,1
DA:76,1
DA:79,0
DA:81,1
DA:90,1
DA:91,1
DA:92,1
DA:93,1
DA:94,1
DA:102,1
DA:103,1
DA:104,1
DA:112,0
DA:113,0
DA:114,0
DA:121,1
DA:122,1
DA:123,1
DA:133,4
DA:134,4
DA:135,4
DA:136,4
DA:137,4
DA:138,4
DA:146,1
DA:147,1
DA:154,2
DA:155,0
DA:169,5
DA:170,5
DA:171,1
DA:174,4
DA:175,4
DA:187,4
DA:188,4
DA:194,1
DA:197,3
DA:198,1
DA:199,1
DA:200,1
DA:202,1
DA:205,2
DA:206,2
DA:215,6
DA:216,3
DA:218,3
DA:221,1
DA:222,1
LF:82
LH:77
BRDA:21,0,0,1
BRDA:21,0,1,0
BRDA:31,1,0,0
BRDA:31,1,1,1
BRDA:31,2,0,1
BRDA:31,2,1,1
BRDA:43,3,0,1
BRDA:43,3,1,1
BRDA:44,4,0,1
BRDA:44,4,1,1
BRDA:46,5,0,1
BRDA:46,5,1,1
BRDA:55,6,0,0
BRDA:55,6,1,2
BRDA:58,7,0,0
BRDA:58,7,1,2
BRDA:60,8,0,1
BRDA:60,8,1,1
BRDA:75,9,0,1
BRDA:75,9,1,0
BRDA:132,10,0,3
BRDA:136,11,0,1
BRDA:136,11,1,3
BRDA:147,12,0,1
BRDA:147,12,1,0
BRDA:154,13,0,0
BRDA:154,13,1,2
BRDA:170,14,0,1
BRDA:170,14,1,4
BRDA:170,15,0,5
BRDA:170,15,1,4
BRDA:197,16,0,1
BRDA:197,16,1,2
BRDA:202,17,0,1
BRDA:202,17,1,0
BRDA:215,18,0,3
BRDA:215,18,1,3
BRDA:221,19,0,1
BRDA:221,19,1,0
BRDA:221,20,0,1
BRDA:221,20,1,1
BRF:41
BRH:32
end_of_record
TN:
SF:js\eligibility.js
FN:2,(anonymous_0)
FN:8,(anonymous_1)
FN:45,showResult
FN:65,evaluateEligibility
FNF:4
FNH:4
FNDA:1,(anonymous_0)
FNDA:4,(anonymous_1)
FNDA:4,showResult
FNDA:12,evaluateEligibility
DA:1,1
DA:2,1
DA:3,1
DA:4,1
DA:6,1
DA:8,1
DA:9,4
DA:12,4
DA:13,4
DA:14,4
DA:16,4
DA:17,1
DA:18,1
DA:21,3
DA:22,1
DA:23,1
DA:27,2
DA:30,2
DA:31,1
DA:36,1
DA:37,1
DA:38,1
DA:39,1
DA:41,1
DA:46,4
DA:47,4
DA:48,4
DA:49,4
DA:50,4
DA:51,4
DA:52,4
DA:66,12
DA:69,1
DA:70,1
LF:34
LH:34
BRDA:1,0,0,1
BRDA:1,0,1,0
BRDA:6,1,0,0
BRDA:6,1,1,1
BRDA:16,2,0,1
BRDA:16,2,1,3
BRDA:16,3,0,4
BRDA:16,3,1,4
BRDA:21,4,0,1
BRDA:21,4,1,2
BRDA:21,5,0,3
BRDA:21,5,1,2
BRDA:30,6,0,1
BRDA:30,6,1,1
BRDA:37,7,0,1
BRDA:37,7,1,0
BRDA:38,8,0,0
BRDA:38,8,1,1
BRDA:39,9,0,0
BRDA:39,9,1,1
BRDA:47,10,0,1
BRDA:47,10,1,3
BRDA:50,11,0,1
BRDA:50,11,1,3
BRDA:66,12,0,12
BRDA:66,12,1,7
BRDA:66,12,2,5
BRDA:69,13,0,1
BRDA:69,13,1,0
BRDA:69,14,0,1
BRDA:69,14,1,1
BRF:31
BRH:25
end_of_record
TN:
SF:js\quiz.js
FN:21,(anonymous_0)
FN:31,(anonymous_1)
FN:40,handleQuizStart
FN:71,showQuizError
FN:81,renderQuestion
FN:100,buildQuestionHTML
FN:107,(anonymous_6)
FN:121,attachQuestionListeners
FN:126,(anonymous_8)
FN:127,(anonymous_9)
FN:132,(anonymous_10)
FN:146,handleOptionClick
FN:147,(anonymous_12)
FN:170,renderSummary
FN:187,(anonymous_14)
FN:200,handleFirebaseLeaderboard
FN:225,(anonymous_16)
FN:244,fetchQuizQuestions
FN:277,parseQuizJSON
FN:303,evaluateQuizAnswer
FNF:20
FNH:20
FNDA:1,(anonymous_0)
FNDA:4,(anonymous_1)
FNDA:4,handleQuizStart
FNDA:1,showQuizError
FNDA:6,renderQuestion
FNDA:3,buildQuestionHTML
FNDA:12,(anonymous_6)
FNDA:3,attachQuestionListeners
FNDA:12,(anonymous_8)
FNDA:3,(anonymous_9)
FNDA:3,(anonymous_10)
FNDA:3,handleOptionClick
FNDA:12,(anonymous_12)
FNDA:3,renderSummary
FNDA:1,(anonymous_14)
FNDA:3,handleFirebaseLeaderboard
FNDA:1,(anonymous_16)
FNDA:8,fetchQuizQuestions
FNDA:8,parseQuizJSON
FNDA:8,evaluateQuizAnswer
DA:7,1
DA:20,1
DA:21,1
DA:22,1
DA:23,1
DA:25,1
DA:26,1
DA:27,1
DA:29,1
DA:31,1
DA:32,4
DA:41,4
DA:42,4
DA:45,4
DA:46,4
DA:49,4
DA:50,4
DA:51,3
DA:52,0
DA:54,3
DA:55,3
DA:56,3
DA:57,3
DA:58,3
DA:60,1
DA:61,1
DA:72,1
DA:73,1
DA:74,1
DA:75,1
DA:82,6
DA:83,3
DA:84,3
DA:87,3
DA:88,3
DA:90,3
DA:101,3
DA:107,3
DA:108,12
DA:111,3
DA:114,3
DA:122,3
DA:123,3
DA:124,3
DA:126,3
DA:127,12
DA:128,3
DA:132,3
DA:133,3
DA:134,3
DA:147,12
DA:148,3
DA:150,3
DA:151,3
DA:152,2
DA:153,2
DA:154,2
DA:156,1
DA:157,1
DA:158,1
DA:159,1
DA:162,3
DA:163,3
DA:164,3
DA:172,3
DA:173,3
DA:176,3
DA:187,3
DA:188,1
DA:189,1
DA:190,1
DA:191,1
DA:194,3
DA:201,3
DA:202,3
DA:204,3
DA:205,1
DA:206,1
DA:209,2
DA:211,2
DA:218,1
DA:223,1
DA:224,1
DA:225,1
DA:226,1
DA:227,1
DA:228,1
DA:229,1
DA:232,1
DA:233,1
DA:245,8
DA:246,8
DA:248,7
DA:249,7
DA:255,7
DA:256,7
DA:262,2
DA:265,5
DA:267,4
DA:268,4
DA:278,8
DA:279,1
DA:281,7
DA:282,7
DA:285,7
DA:286,7
DA:288,1
DA:291,6
DA:292,1
DA:294,5
DA:304,8
DA:307,1
DA:308,1
LF:113
LH:112
BRDA:20,0,0,1
BRDA:20,0,1,0
BRDA:29,1,0,0
BRDA:29,1,1,1
BRDA:29,2,0,1
BRDA:29,2,1,1
BRDA:45,3,0,4
BRDA:45,3,1,0
BRDA:51,4,0,0
BRDA:51,4,1,3
BRDA:51,5,0,3
BRDA:51,5,1,3
BRDA:82,6,0,3
BRDA:82,6,1,3
BRDA:151,7,0,2
BRDA:151,7,1,1
BRDA:162,8,0,2
BRDA:162,8,1,1
BRDA:172,9,0,3
BRDA:172,9,1,0
BRDA:204,10,0,1
BRDA:204,10,1,2
BRDA:246,11,0,1
BRDA:246,11,1,7
BRDA:246,12,0,8
BRDA:246,12,1,8
BRDA:265,13,0,1
BRDA:265,13,1,4
BRDA:278,14,0,1
BRDA:278,14,1,7
BRDA:291,15,0,1
BRDA:291,15,1,5
BRDA:291,16,0,6
BRDA:291,16,1,6
BRDA:307,17,0,1
BRDA:307,17,1,0
BRDA:307,18,0,1
BRDA:307,18,1,1
BRF:38
BRH:32
end_of_record
TN:
SF:js\translate.js
FN:25,googleTranslateElementInit
FN:34,(anonymous_1)
FN:38,(anonymous_2)
FN:55,injectTranslateScript
FNF:4
FNH:2
FNDA:1,googleTranslateElementInit
FNDA:0,(anonymous_1)
FNDA:0,(anonymous_2)
FNDA:2,injectTranslateScript
DA:10,1
DA:26,1
DA:33,1
DA:34,1
DA:35,0
DA:36,0
DA:37,0
DA:38,0
DA:39,0
DA:40,0
DA:41,0
DA:56,2
DA:57,2
DA:58,2
DA:59,2
DA:64,1
DA:66,1
DA:67,1
LF:18
LH:11
BRDA:33,0,0,1
BRDA:33,0,1,0
BRDA:36,1,0,0
BRDA:36,1,1,0
BRDA:40,2,0,0
BRDA:40,2,1,0
BRDA:40,3,0,0
BRDA:40,3,1,0
BRDA:56,4,0,2
BRDA:56,4,1,0
BRDA:66,5,0,1
BRDA:66,5,1,0
BRDA:66,6,0,1
BRDA:66,6,1,1
BRF:14
BRH:5
end_of_record
